<?xml version="1.0" encoding="UTF-8" ?>
<testsuite errors="0" failures="0" hostname="Ondra-PC" name="cz.fit.cvut.paskaond.jsruntime.test.FlowControlTest" skipped="0" tests="10" time="0.215" timestamp="2015-02-11T10:58:54">
  <properties>
    <property name="java.vendor" value="Oracle Corporation" />
    <property name="sun.java.launcher" value="SUN_STANDARD" />
    <property name="sun.management.compiler" value="HotSpot 64-Bit Tiered Compilers" />
    <property name="env.PROMPT" value="$P$G" />
    <property name="os.name" value="Windows 7" />
    <property name="env.FP_NO_HOST_CHECK" value="NO" />
    <property name="sun.boot.class.path" value="C:\Program Files\Java\jdk1.8.0_25\jre\lib\resources.jar;C:\Program Files\Java\jdk1.8.0_25\jre\lib\rt.jar;C:\Program Files\Java\jdk1.8.0_25\jre\lib\sunrsasign.jar;C:\Program Files\Java\jdk1.8.0_25\jre\lib\jsse.jar;C:\Program Files\Java\jdk1.8.0_25\jre\lib\jce.jar;C:\Program Files\Java\jdk1.8.0_25\jre\lib\charsets.jar;C:\Program Files\Java\jdk1.8.0_25\jre\lib\jfr.jar;C:\Program Files\Java\jdk1.8.0_25\jre\classes" />
    <property name="env.COMPUTERNAME" value="ONDRA-PC" />
    <property name="env.CommonProgramW6432" value="C:\Program Files\Common Files" />
    <property name="env.ALLUSERSPROFILE" value="C:\ProgramData" />
    <property name="sun.desktop" value="windows" />
    <property name="ant.file.JavaJavaScript" value="D:\Documents\EclipseWorkspace\JavaJavaScript\build.xml" />
    <property name="java.vm.specification.vendor" value="Oracle Corporation" />
    <property name="ant.home" value="D:\Tools\apache-ant\bin\.." />
    <property name="java.runtime.version" value="1.8.0_25-b18" />
    <property name="ant.file.type.JavaJavaScript" value="file" />
    <property name="env.HOMEPATH" value="\Users\Ondra" />
    <property name="user.name" value="Ondra" />
    <property name="user.language" value="en" />
    <property name="env.windows_tracing_flags" value="3" />
    <property name="env.SBT_HOME" value="C:\Program Files (x86)\sbt\" />
    <property name="sun.boot.library.path" value="C:\Program Files\Java\jdk1.8.0_25\jre\bin" />
    <property name="ant.project.default-target" value="build" />
    <property name="ant.project.name" value="JavaJavaScript" />
    <property name="java.version" value="1.8.0_25" />
    <property name="env.PROCESSOR_IDENTIFIER" value="Intel64 Family 6 Model 58 Stepping 9, GenuineIntel" />
    <property name="user.timezone" value="Europe/Prague" />
    <property name="env.asl.log" value="Destination=file" />
    <property name="env.TEMP" value="C:\Users\Ondra\AppData\Local\Temp" />
    <property name="sun.arch.data.model" value="64" />
    <property name="java.endorsed.dirs" value="C:\Program Files\Java\jdk1.8.0_25\jre\lib\endorsed" />
    <property name="env._JAVACMD" value="C:\Program Files\Java\jdk1.8.0_25\bin\java.exe" />
    <property name="sun.cpu.isalist" value="amd64" />
    <property name="env.HOMEDRIVE" value="C:" />
    <property name="sun.jnu.encoding" value="Cp1252" />
    <property name="file.encoding.pkg" value="sun.io" />
    <property name="ECLIPSE_HOME" value="D:/Tools/eclipse" />
    <property name="file.separator" value="\" />
    <property name="java.specification.name" value="Java Platform API Specification" />
    <property name="java.class.version" value="52.0" />
    <property name="user.country" value="US" />
    <property name="java.home" value="C:\Program Files\Java\jdk1.8.0_25\jre" />
    <property name="env.PSModulePath" value="C:\Windows\system32\WindowsPowerShell\v1.0\Modules\" />
    <property name="env.APPDATA" value="C:\Users\Ondra\AppData\Roaming" />
    <property name="env.PUBLIC" value="C:\Users\Public" />
    <property name="env.windows_tracing_logfile" value="C:\BVTBin\Tests\installpackage\csilogfile.log" />
    <property name="java.vm.info" value="mixed mode" />
    <property name="env.ComSpec" value="C:\Windows\system32\cmd.exe" />
    <property name="env.OS" value="Windows_NT" />
    <property name="env.CommonProgramFiles" value="C:\Program Files\Common Files" />
    <property name="ant.file" value="D:\Documents\EclipseWorkspace\JavaJavaScript\build.xml" />
    <property name="os.version" value="6.1" />
    <property name="env.=ExitCode" value="00000000" />
    <property name="env.ProgramW6432" value="C:\Program Files" />
    <property name="env._USE_CLASSPATH" value="no" />
    <property name="path.separator" value=";" />
    <property name="java.vm.version" value="25.25-b02" />
    <property name="env.USERPROFILE" value="C:\Users\Ondra" />
    <property name="user.variant" value="" />
    <property name="ant.library.dir" value="D:\Tools\apache-ant\lib" />
    <property name="junit.output.dir" value="junit" />
    <property name="env.JAVA_HOME" value="C:\Program Files\Java\jdk1.8.0_25" />
    <property name="java.awt.printerjob" value="sun.awt.windows.WPrinterJob" />
    <property name="env.TMP" value="C:\Users\Ondra\AppData\Local\Temp" />
    <property name="sun.io.unicode.encoding" value="UnicodeLittle" />
    <property name="awt.toolkit" value="sun.awt.windows.WToolkit" />
    <property name="sun.stdout.encoding" value="cp437" />
    <property name="user.script" value="" />
    <property name="user.home" value="C:\Users\Ondra" />
    <property name="target" value="1.7" />
    <property name="env.ANDROID_SDK_HOME" value="D:\Documents\ProgrammingLibraries\Android\sdk" />
    <property name="env.ProgramData" value="C:\ProgramData" />
    <property name="env.SESSIONNAME" value="Console" />
    <property name="env.ProgramFiles(x86)" value="C:\Program Files (x86)" />
    <property name="java.specification.vendor" value="Oracle Corporation" />
    <property name="java.vendor.url" value="http://java.oracle.com/" />
    <property name="java.library.path" value="C:\Program Files\Java\jdk1.8.0_25\jre\bin;C:\Windows\Sun\Java\bin;C:\Windows\system32;C:\Windows;C:\ProgramData\Oracle\Java\javapath;C:\Program Files (x86)\NVIDIA Corporation\PhysX\Common;D:\Tools\ImageMagick;C:\Windows\system32;C:\Windows;C:\Windows\System32\Wbem;C:\Windows\System32\WindowsPowerShell\v1.0\;C:\Program Files\Intel\WiFi\bin\;C:\Program Files\Common Files\Intel\WirelessCommon\;C:\Program Files (x86)\Intel\OpenCL SDK\2.0\bin\x86;C:\Program Files (x86)\Intel\OpenCL SDK\2.0\bin\x64;C:\Program Files\TortoiseSVN\bin;C:\Program Files\Java\jdk1.7.0_45\bin;D:\Tools\Shoebox\Shoebox;D:\Tools\ATF;C:\Program Files (x86)\sbt\\bin;C:\Users\Ondra\bin;D:\Tools\GnuWin32\bin;C:\Tools\TortoiseHg\;D:\Tools\Vagrant\bin;D:\Tools\MinGW\bin;D:\Tools\MinGW\msys\1.0\bin;D:\Tools\miscCMD;D:\Tools\MiKTeX2.9\miktex\bin\;D:\Tools\javacc\bin\;D:\Tools\apache-ant\bin;C:\Program Files\Intel\WiFi\bin\;C:\Program Files\Common Files\Intel\WirelessCommon\;D:\Tools\clisp-2.49;." />
    <property name="env.NUMBER_OF_PROCESSORS" value="8" />
    <property name="java.vm.vendor" value="Oracle Corporation" />
    <property name="java.runtime.name" value="Java(TM) SE Runtime Environment" />
    <property name="java.class.path" value="D:\Documents\EclipseWorkspace\JavaJavaScript\bin;D:\Tools\eclipse\plugins\org.junit_4.11.0.v201303080030\junit.jar;D:\Tools\eclipse\plugins\org.hamcrest.core_1.3.0.v201303031735.jar;D:\Tools\apache-ant\lib\ant-launcher.jar;D:\Tools\apache-ant\lib\ant.jar;D:\Tools\apache-ant\lib\ant-junit.jar;D:\Tools\apache-ant\lib\ant-junit4.jar" />
    <property name="ant.version" value="Apache Ant(TM) version 1.9.4 compiled on April 29 2014" />
    <property name="sun.java.command" value="org.apache.tools.ant.taskdefs.optional.junit.JUnitTestRunner cz.fit.cvut.paskaond.jsruntime.test.FlowControlTest skipNonTests=false filtertrace=true haltOnError=false haltOnFailure=false formatter=org.apache.tools.ant.taskdefs.optional.junit.OutErrSummaryJUnitResultFormatter showoutput=false outputtoformatters=true logfailedtests=true threadid=0 logtestlistenerevents=false formatter=org.apache.tools.ant.taskdefs.optional.junit.XMLJUnitResultFormatter,D:\Documents\EclipseWorkspace\JavaJavaScript\junit\TEST-cz.fit.cvut.paskaond.jsruntime.test.FlowControlTest.xml crashfile=D:\Documents\EclipseWorkspace\JavaJavaScript\junitvmwatcher6845060612892082546.properties propsfile=D:\Documents\EclipseWorkspace\JavaJavaScript\junit5436122309491190953.properties" />
    <property name="java.vm.specification.name" value="Java Virtual Machine Specification" />
    <property name="ant.file.type" value="file" />
    <property name="env.LOGONSERVER" value="\\ONDRA-PC" />
    <property name="env.windir" value="C:\Windows" />
    <property name="env.PROCESSOR_ARCHITECTURE" value="AMD64" />
    <property name="java.vm.specification.version" value="1.8" />
    <property name="sun.os.patch.level" value="Service Pack 1" />
    <property name="sun.cpu.endian" value="little" />
    <property name="debuglevel" value="source,lines,vars" />
    <property name="env.ProgramFiles" value="C:\Program Files" />
    <property name="env.ANT_HOME" value="D:\Tools\apache-ant\bin\.." />
    <property name="java.io.tmpdir" value="C:\Users\Ondra\AppData\Local\Temp\" />
    <property name="env.PROCESSOR_REVISION" value="3a09" />
    <property name="env.CommonProgramFiles(x86)" value="C:\Program Files (x86)\Common Files" />
    <property name="env.VBOX_INSTALL_PATH" value="C:\Program Files\Oracle\VirtualBox\" />
    <property name="java.vendor.url.bug" value="http://bugreport.sun.com/bugreport/" />
    <property name="env.SystemRoot" value="C:\Windows" />
    <property name="java.awt.graphicsenv" value="sun.awt.Win32GraphicsEnvironment" />
    <property name="os.arch" value="amd64" />
    <property name="env.ANT_CMD_LINE_ARGS" value=" test" />
    <property name="env.=D:" value="D:\Documents\EclipseWorkspace\JavaJavaScript" />
    <property name="java.ext.dirs" value="C:\Program Files\Java\jdk1.8.0_25\jre\lib\ext;C:\Windows\Sun\Java\lib\ext" />
    <property name="env.LOCALAPPDATA" value="C:\Users\Ondra\AppData\Local" />
    <property name="user.dir" value="D:\Documents\EclipseWorkspace\JavaJavaScript" />
    <property name="line.separator" value="&#xd;&#xa;" />
    <property name="java.vm.name" value="Java HotSpot(TM) 64-Bit Server VM" />
    <property name="env.PATHEXT" value=".COM;.EXE;.BAT;.CMD;.VBS;.VBE;.JS;.JSE;.WSF;.WSH;.MSC" />
    <property name="env.Path" value="C:\ProgramData\Oracle\Java\javapath;C:\Program Files (x86)\NVIDIA Corporation\PhysX\Common;D:\Tools\ImageMagick;C:\Windows\system32;C:\Windows;C:\Windows\System32\Wbem;C:\Windows\System32\WindowsPowerShell\v1.0\;C:\Program Files\Intel\WiFi\bin\;C:\Program Files\Common Files\Intel\WirelessCommon\;C:\Program Files (x86)\Intel\OpenCL SDK\2.0\bin\x86;C:\Program Files (x86)\Intel\OpenCL SDK\2.0\bin\x64;C:\Program Files\TortoiseSVN\bin;C:\Program Files\Java\jdk1.7.0_45\bin;D:\Tools\Shoebox\Shoebox;D:\Tools\ATF;C:\Program Files (x86)\sbt\\bin;C:\Users\Ondra\bin;D:\Tools\GnuWin32\bin;C:\Tools\TortoiseHg\;D:\Tools\Vagrant\bin;D:\Tools\MinGW\bin;D:\Tools\MinGW\msys\1.0\bin;D:\Tools\miscCMD;D:\Tools\MiKTeX2.9\miktex\bin\;D:\Tools\javacc\bin\;D:\Tools\apache-ant\bin;C:\Program Files\Intel\WiFi\bin\;C:\Program Files\Common Files\Intel\WirelessCommon\;D:\Tools\clisp-2.49" />
    <property name="basedir" value="D:\Documents\EclipseWorkspace\JavaJavaScript" />
    <property name="ant.java.version" value="1.8" />
    <property name="ant.core.lib" value="D:\Tools\apache-ant\lib\ant.jar" />
    <property name="env.USERNAME" value="Ondra" />
    <property name="source" value="1.7" />
    <property name="env.SystemDrive" value="C:" />
    <property name="file.encoding" value="Cp1252" />
    <property name="sun.stderr.encoding" value="cp437" />
    <property name="env.USERDOMAIN" value="Ondra-PC" />
    <property name="env.AIR_NOANDROIDFLAIR" value="false" />
    <property name="java.specification.version" value="1.8" />
    <property name="env.=C:" value="C:\Users\Ondra" />
    <property name="ant.project.invoked-targets" value="test" />
    <property name="env.PROCESSOR_LEVEL" value="6" />
  </properties>
  <testcase classname="cz.fit.cvut.paskaond.jsruntime.test.FlowControlTest" name="testFor" time="0.073" />
  <testcase classname="cz.fit.cvut.paskaond.jsruntime.test.FlowControlTest" name="testIF1" time="0.004" />
  <testcase classname="cz.fit.cvut.paskaond.jsruntime.test.FlowControlTest" name="testIF2" time="0.004" />
  <testcase classname="cz.fit.cvut.paskaond.jsruntime.test.FlowControlTest" name="testIF3" time="0.012" />
  <testcase classname="cz.fit.cvut.paskaond.jsruntime.test.FlowControlTest" name="testBreak" time="0.003" />
  <testcase classname="cz.fit.cvut.paskaond.jsruntime.test.FlowControlTest" name="testWhile" time="0.002" />
  <testcase classname="cz.fit.cvut.paskaond.jsruntime.test.FlowControlTest" name="testReturn2" time="0.005" />
  <testcase classname="cz.fit.cvut.paskaond.jsruntime.test.FlowControlTest" name="testReturn3" time="0.002" />
  <testcase classname="cz.fit.cvut.paskaond.jsruntime.test.FlowControlTest" name="testBreak2" time="0.002" />
  <testcase classname="cz.fit.cvut.paskaond.jsruntime.test.FlowControlTest" name="testReturn" time="0.002" />
  <system-out><![CDATA[]]></system-out>
  <system-err><![CDATA[]]></system-err>
</testsuite>
